{"level":"info","message":"✅ Conectado ao Redis com sucesso.","service":"recall-api","timestamp":"2025-09-15 16:27:41"}
{"level":"error","message":"❌ Erro de conexão com o Redis: read ECONNRESET","service":"recall-api","timestamp":"2025-09-15 16:27:44"}
{"level":"info","message":"✅ Conectado ao Redis com sucesso.","service":"recall-api","timestamp":"2025-09-15 16:27:45"}
{"level":"error","message":"❌ Erro de conexão com o Redis: connect ETIMEDOUT","service":"recall-api","timestamp":"2025-09-15 16:29:08"}
{"level":"error","message":"❌ Erro de conexão com o Redis: getaddrinfo ENOTFOUND composed-oarfish-6687.upstash.io","service":"recall-api","timestamp":"2025-09-15 16:29:14"}
{"level":"error","message":"❌ Erro de conexão com o Redis: getaddrinfo ENOTFOUND composed-oarfish-6687.upstash.io","service":"recall-api","timestamp":"2025-09-15 16:29:16"}
{"level":"error","message":"❌ Erro de conexão com o Redis: getaddrinfo ENOTFOUND composed-oarfish-6687.upstash.io","service":"recall-api","timestamp":"2025-09-15 16:29:18"}
{"level":"info","message":"✅ Conectado ao Redis com sucesso.","service":"recall-api","timestamp":"2025-09-15 16:29:23"}
{"level":"error","message":"❌ Erro de conexão com o Redis: connect ETIMEDOUT","service":"recall-api","timestamp":"2025-09-15 16:29:37"}
{"level":"info","message":"✅ Conectado ao Redis com sucesso.","service":"recall-api","timestamp":"2025-09-15 16:29:40"}
{"level":"error","message":"❌ Erro de conexão com o Redis: connect ETIMEDOUT","service":"recall-api","timestamp":"2025-09-15 16:30:10"}
{"level":"error","message":"❌ Erro de conexão com o Redis: getaddrinfo ENOTFOUND composed-oarfish-6687.upstash.io","service":"recall-api","timestamp":"2025-09-15 16:30:16"}
{"level":"info","message":"✅ Conectado ao Redis com sucesso.","service":"recall-api","timestamp":"2025-09-15 16:30:18"}
{"level":"error","message":"❌ Erro de conexão com o Redis: connect ETIMEDOUT","service":"recall-api","timestamp":"2025-09-15 16:30:39"}
{"level":"error","message":"❌ Erro de conexão com o Redis: getaddrinfo ENOTFOUND composed-oarfish-6687.upstash.io","service":"recall-api","timestamp":"2025-09-15 16:30:46"}
{"level":"info","message":"✅ Conectado ao Redis com sucesso.","service":"recall-api","timestamp":"2025-09-15 16:30:48"}
{"level":"error","message":"❌ Erro de conexão com o Redis: read ECONNRESET","service":"recall-api","timestamp":"2025-09-15 16:31:38"}
{"level":"info","message":"✅ Conectado ao Redis com sucesso.","service":"recall-api","timestamp":"2025-09-15 16:31:40"}
{"level":"error","message":"❌ Erro de conexão com o Redis: connect ETIMEDOUT","service":"recall-api","timestamp":"2025-09-15 16:31:52"}
{"level":"info","message":"✅ Conectado ao Redis com sucesso.","service":"recall-api","timestamp":"2025-09-15 16:31:54"}
{"level":"error","message":"❌ Erro de conexão com o Redis: connect ETIMEDOUT","service":"recall-api","timestamp":"2025-09-15 16:33:26"}
{"level":"info","message":"✅ Conectado ao Redis com sucesso.","service":"recall-api","timestamp":"2025-09-15 16:33:29"}
{"level":"error","message":"❌ Erro de conexão com o Redis: connect ETIMEDOUT","service":"recall-api","timestamp":"2025-09-15 16:34:17"}
{"level":"error","message":"❌ Erro de conexão com o Redis: getaddrinfo ENOTFOUND composed-oarfish-6687.upstash.io","service":"recall-api","timestamp":"2025-09-15 16:34:23"}
{"level":"error","message":"❌ Erro de conexão com o Redis: connect ETIMEDOUT","service":"recall-api","timestamp":"2025-09-15 16:34:30"}
{"level":"error","message":"❌ Erro de conexão com o Redis: getaddrinfo ENOTFOUND composed-oarfish-6687.upstash.io","service":"recall-api","timestamp":"2025-09-15 16:34:36"}
{"level":"info","message":"✅ Conectado ao Redis com sucesso.","service":"recall-api","timestamp":"2025-09-15 16:34:39"}
{"level":"error","message":"❌ Erro de conexão com o Redis: connect ETIMEDOUT","service":"recall-api","timestamp":"2025-09-15 16:35:01"}
{"level":"info","message":"✅ Conectado ao Redis com sucesso.","service":"recall-api","timestamp":"2025-09-15 16:35:04"}
{"level":"error","message":"❌ Erro de conexão com o Redis: connect ETIMEDOUT","service":"recall-api","timestamp":"2025-09-15 16:36:02"}
{"level":"info","message":"✅ Conectado ao Redis com sucesso.","service":"recall-api","timestamp":"2025-09-15 16:36:07"}
{"level":"error","message":"❌ Erro de conexão com o Redis: connect ETIMEDOUT","service":"recall-api","timestamp":"2025-09-15 16:37:13"}
{"level":"info","message":"✅ Conectado ao Redis com sucesso.","service":"recall-api","timestamp":"2025-09-15 16:37:15"}
{"level":"error","message":"❌ Erro de conexão com o Redis: read ECONNRESET","service":"recall-api","timestamp":"2025-09-15 16:37:25"}
{"level":"info","message":"✅ Conectado ao Redis com sucesso.","service":"recall-api","timestamp":"2025-09-15 16:37:27"}
{"level":"error","message":"❌ Erro de conexão com o Redis: connect ETIMEDOUT","service":"recall-api","timestamp":"2025-09-15 16:38:11"}
{"level":"error","message":"❌ Erro de conexão com o Redis: getaddrinfo ENOTFOUND composed-oarfish-6687.upstash.io","service":"recall-api","timestamp":"2025-09-15 16:38:17"}
{"level":"error","message":"❌ Erro de conexão com o Redis: getaddrinfo ENOTFOUND composed-oarfish-6687.upstash.io","service":"recall-api","timestamp":"2025-09-15 16:38:19"}
{"level":"error","message":"❌ Erro de conexão com o Redis: getaddrinfo ENOTFOUND composed-oarfish-6687.upstash.io","service":"recall-api","timestamp":"2025-09-15 16:38:21"}
{"level":"error","message":"❌ Erro de conexão com o Redis: connect ETIMEDOUT","service":"recall-api","timestamp":"2025-09-15 16:38:28"}
{"level":"error","message":"❌ Erro de conexão com o Redis: getaddrinfo ENOTFOUND composed-oarfish-6687.upstash.io","service":"recall-api","timestamp":"2025-09-15 16:38:30"}
{"level":"error","message":"❌ Erro de conexão com o Redis: getaddrinfo ENOTFOUND composed-oarfish-6687.upstash.io","service":"recall-api","timestamp":"2025-09-15 16:38:32"}
{"level":"info","message":"✅ Conectado ao Redis com sucesso.","service":"recall-api","timestamp":"2025-09-15 16:38:34"}
{"level":"error","message":"❌ Erro de conexão com o Redis: connect ETIMEDOUT","service":"recall-api","timestamp":"2025-09-15 16:39:35"}
{"level":"info","message":"✅ Conectado ao Redis com sucesso.","service":"recall-api","timestamp":"2025-09-15 16:39:39"}
{"level":"error","message":"❌ Erro de conexão com o Redis: connect ETIMEDOUT","service":"recall-api","timestamp":"2025-09-15 16:40:24"}
{"level":"info","message":"✅ Conectado ao Redis com sucesso.","service":"recall-api","timestamp":"2025-09-15 16:40:26"}
{"level":"info","message":"✅ Conectado ao Redis com sucesso.","service":"recall-api","timestamp":"2025-09-15 16:42:29"}
{"level":"error","message":"❌ Erro de conexão com o Redis: read ECONNRESET","service":"recall-api","timestamp":"2025-09-15 16:42:30"}
{"level":"info","message":"✅ Conectado ao Redis com sucesso.","service":"recall-api","timestamp":"2025-09-15 16:42:31"}
{"level":"error","message":"❌ Erro de conexão com o Redis: connect ETIMEDOUT","service":"recall-api","timestamp":"2025-09-15 16:43:03"}
{"level":"error","message":"❌ Erro de conexão com o Redis: getaddrinfo ENOTFOUND composed-oarfish-6687.upstash.io","service":"recall-api","timestamp":"2025-09-15 16:43:09"}
{"level":"info","message":"✅ Conectado ao Redis com sucesso.","service":"recall-api","timestamp":"2025-09-15 16:43:11"}
{"level":"error","message":"❌ Erro de conexão com o Redis: connect ETIMEDOUT","service":"recall-api","timestamp":"2025-09-15 16:43:36"}
{"level":"error","message":"❌ Erro de conexão com o Redis: getaddrinfo ENOTFOUND composed-oarfish-6687.upstash.io","service":"recall-api","timestamp":"2025-09-15 16:43:42"}
{"level":"error","message":"❌ Erro de conexão com o Redis: connect ETIMEDOUT","service":"recall-api","timestamp":"2025-09-15 16:43:49"}
{"level":"error","message":"❌ Erro de conexão com o Redis: getaddrinfo ENOTFOUND composed-oarfish-6687.upstash.io","service":"recall-api","timestamp":"2025-09-15 16:43:55"}
{"level":"info","message":"✅ Conectado ao Redis com sucesso.","service":"recall-api","timestamp":"2025-09-15 16:43:58"}
{"level":"error","message":"❌ Erro de conexão com o Redis: read ECONNRESET","service":"recall-api","timestamp":"2025-09-15 16:44:35"}
{"level":"info","message":"✅ Conectado ao Redis com sucesso.","service":"recall-api","timestamp":"2025-09-15 16:44:37"}
{"level":"error","message":"❌ Erro de conexão com o Redis: connect ETIMEDOUT","service":"recall-api","timestamp":"2025-09-15 16:44:59"}
{"level":"info","message":"✅ Conectado ao Redis com sucesso.","service":"recall-api","timestamp":"2025-09-15 16:45:04"}
{"level":"error","message":"❌ Erro de conexão com o Redis: read ECONNRESET","service":"recall-api","timestamp":"2025-09-15 16:45:11"}
{"level":"info","message":"✅ Conectado ao Redis com sucesso.","service":"recall-api","timestamp":"2025-09-15 16:45:13"}
{"level":"error","message":"❌ Erro de conexão com o Redis: read ECONNRESET","service":"recall-api","timestamp":"2025-09-15 16:45:25"}
{"level":"info","message":"✅ Conectado ao Redis com sucesso.","service":"recall-api","timestamp":"2025-09-15 16:45:27"}
{"level":"error","message":"❌ Erro de conexão com o Redis: connect ETIMEDOUT","service":"recall-api","timestamp":"2025-09-15 16:45:46"}
{"level":"error","message":"❌ Erro de conexão com o Redis: getaddrinfo ENOTFOUND composed-oarfish-6687.upstash.io","service":"recall-api","timestamp":"2025-09-15 16:45:52"}
{"level":"error","message":"❌ Erro de conexão com o Redis: getaddrinfo ENOTFOUND composed-oarfish-6687.upstash.io","service":"recall-api","timestamp":"2025-09-15 16:45:54"}
{"level":"info","message":"✅ Conectado ao Redis com sucesso.","service":"recall-api","timestamp":"2025-09-15 16:45:56"}
{"level":"error","message":"❌ Erro de conexão com o Redis: read ECONNRESET","service":"recall-api","timestamp":"2025-09-15 16:47:34"}
{"level":"info","message":"✅ Conectado ao Redis com sucesso.","service":"recall-api","timestamp":"2025-09-15 16:47:36"}
{"level":"error","message":"❌ Erro de conexão com o Redis: read ECONNRESET","service":"recall-api","timestamp":"2025-09-15 16:47:40"}
{"level":"info","message":"✅ Conectado ao Redis com sucesso.","service":"recall-api","timestamp":"2025-09-15 16:47:42"}
{"level":"error","message":"❌ Erro de conexão com o Redis: read ECONNRESET","service":"recall-api","timestamp":"2025-09-15 16:49:49"}
{"level":"info","message":"✅ Conectado ao Redis com sucesso.","service":"recall-api","timestamp":"2025-09-15 16:49:51"}
{"level":"error","message":"❌ Erro de conexão com o Redis: connect ETIMEDOUT","service":"recall-api","timestamp":"2025-09-15 16:50:46"}
{"level":"info","message":"✅ Conectado ao Redis com sucesso.","service":"recall-api","timestamp":"2025-09-15 16:50:48"}
{"level":"info","message":"✅ Conectado ao Redis com sucesso.","service":"recall-api","timestamp":"2025-09-15 16:52:16"}
{"level":"error","message":"❌ Erro de conexão com o Redis: read ECONNRESET","service":"recall-api","timestamp":"2025-09-15 16:55:52"}
{"level":"info","message":"✅ Conectado ao Redis com sucesso.","service":"recall-api","timestamp":"2025-09-15 16:55:54"}
{"level":"error","message":"❌ Erro de conexão com o Redis: connect ETIMEDOUT","service":"recall-api","timestamp":"2025-09-15 16:57:30"}
{"level":"info","message":"✅ Conectado ao Redis com sucesso.","service":"recall-api","timestamp":"2025-09-15 16:57:32"}
{"level":"error","message":"❌ Erro de conexão com o Redis: read ECONNRESET","service":"recall-api","timestamp":"2025-09-15 16:57:51"}
{"level":"info","message":"✅ Conectado ao Redis com sucesso.","service":"recall-api","timestamp":"2025-09-15 16:57:53"}
{"level":"error","message":"❌ Erro de conexão com o Redis: read ECONNRESET","service":"recall-api","timestamp":"2025-09-15 16:58:26"}
{"level":"info","message":"✅ Conectado ao Redis com sucesso.","service":"recall-api","timestamp":"2025-09-15 16:58:29"}
{"level":"error","message":"❌ Erro de conexão com o Redis: read ECONNRESET","service":"recall-api","timestamp":"2025-09-15 16:59:57"}
{"level":"info","message":"✅ Conectado ao Redis com sucesso.","service":"recall-api","timestamp":"2025-09-15 16:59:59"}
{"level":"error","message":"❌ Erro de conexão com o Redis: read ECONNRESET","service":"recall-api","timestamp":"2025-09-15 17:00:22"}
{"level":"info","message":"✅ Conectado ao Redis com sucesso.","service":"recall-api","timestamp":"2025-09-15 17:00:24"}
{"level":"error","message":"❌ Erro de conexão com o Redis: connect ETIMEDOUT","service":"recall-api","timestamp":"2025-09-15 17:04:12"}
{"level":"info","message":"✅ Conectado ao Redis com sucesso.","service":"recall-api","timestamp":"2025-09-15 17:04:15"}
{"level":"error","message":"❌ Erro de conexão com o Redis: read ECONNRESET","service":"recall-api","timestamp":"2025-09-15 17:04:21"}
{"level":"info","message":"✅ Conectado ao Redis com sucesso.","service":"recall-api","timestamp":"2025-09-15 17:04:23"}
{"level":"info","message":"✅ Conectado ao Redis com sucesso.","service":"recall-api","timestamp":"2025-09-15 17:06:51"}
{"level":"info","message":"✅ Conectado ao Redis com sucesso.","service":"recall-api","timestamp":"2025-09-15 17:07:01"}
{"level":"info","message":"✅ Conectado ao Redis com sucesso.","service":"recall-api","timestamp":"2025-09-15 17:07:19"}
{"level":"info","message":"✅ Conectado ao Redis com sucesso.","service":"recall-api","timestamp":"2025-09-15 17:07:26"}
{"level":"error","message":"❌ Erro de conexão com o Redis: read ECONNRESET","service":"recall-api","timestamp":"2025-09-15 17:07:28"}
{"level":"info","message":"✅ Conectado ao Redis com sucesso.","service":"recall-api","timestamp":"2025-09-15 17:07:29"}
{"level":"info","message":"✅ Conectado ao Redis com sucesso.","service":"recall-api","timestamp":"2025-09-15 17:07:34"}
{"level":"error","message":"❌ Erro de conexão com o Redis: read ECONNRESET","service":"recall-api","timestamp":"2025-09-15 17:07:35"}
{"level":"info","message":"✅ Conectado ao Redis com sucesso.","service":"recall-api","timestamp":"2025-09-15 17:07:35"}
{"level":"error","message":"❌ Erro de conexão com o Redis: read ECONNRESET","service":"recall-api","timestamp":"2025-09-15 17:07:36"}
{"level":"info","message":"✅ Conectado ao Redis com sucesso.","service":"recall-api","timestamp":"2025-09-15 17:07:36"}
{"level":"error","message":"❌ Erro de conexão com o Redis: connect ETIMEDOUT","service":"recall-api","timestamp":"2025-09-15 17:07:46"}
{"level":"info","message":"✅ Conectado ao Redis com sucesso.","service":"recall-api","timestamp":"2025-09-15 17:07:46"}
{"level":"error","message":"❌ Erro de conexão com o Redis: read ECONNRESET","service":"recall-api","timestamp":"2025-09-15 17:07:51"}
{"level":"info","message":"✅ Conectado ao Redis com sucesso.","service":"recall-api","timestamp":"2025-09-15 17:07:52"}
{"level":"error","message":"❌ Erro de conexão com o Redis: read ECONNRESET","service":"recall-api","timestamp":"2025-09-15 17:10:37"}
{"level":"info","message":"✅ Conectado ao Redis com sucesso.","service":"recall-api","timestamp":"2025-09-15 17:10:39"}
{"level":"error","message":"❌ Erro de conexão com o Redis: read ECONNRESET","service":"recall-api","timestamp":"2025-09-15 17:11:38"}
{"level":"info","message":"✅ Conectado ao Redis com sucesso.","service":"recall-api","timestamp":"2025-09-15 17:11:40"}
{"level":"error","message":"❌ Erro de conexão com o Redis: read ECONNRESET","service":"recall-api","timestamp":"2025-09-15 17:11:44"}
{"level":"info","message":"✅ Conectado ao Redis com sucesso.","service":"recall-api","timestamp":"2025-09-15 17:11:47"}
{"level":"error","message":"❌ Erro de conexão com o Redis: connect ETIMEDOUT","service":"recall-api","timestamp":"2025-09-15 17:11:56"}
{"level":"info","message":"✅ Conectado ao Redis com sucesso.","service":"recall-api","timestamp":"2025-09-15 17:11:58"}
{"level":"error","message":"❌ Erro de conexão com o Redis: read ECONNRESET","service":"recall-api","timestamp":"2025-09-15 17:12:48"}
{"level":"info","message":"✅ Conectado ao Redis com sucesso.","service":"recall-api","timestamp":"2025-09-15 17:12:50"}
{"level":"error","message":"❌ Erro de conexão com o Redis: read ECONNRESET","service":"recall-api","timestamp":"2025-09-15 17:12:50"}
{"level":"info","message":"✅ Conectado ao Redis com sucesso.","service":"recall-api","timestamp":"2025-09-15 17:12:52"}
{"level":"error","message":"❌ Erro de conexão com o Redis: connect ETIMEDOUT","service":"recall-api","timestamp":"2025-09-15 17:14:38"}
{"level":"info","message":"✅ Conectado ao Redis com sucesso.","service":"recall-api","timestamp":"2025-09-15 17:14:40"}
{"level":"error","message":"❌ Erro de conexão com o Redis: read ECONNRESET","service":"recall-api","timestamp":"2025-09-15 17:14:40"}
{"level":"info","message":"✅ Conectado ao Redis com sucesso.","service":"recall-api","timestamp":"2025-09-15 17:14:42"}
{"level":"error","message":"❌ Erro de conexão com o Redis: read ECONNRESET","service":"recall-api","timestamp":"2025-09-15 17:15:22"}
{"level":"info","message":"✅ Conectado ao Redis com sucesso.","service":"recall-api","timestamp":"2025-09-15 17:15:24"}
{"level":"error","message":"❌ Erro de conexão com o Redis: read ECONNRESET","service":"recall-api","timestamp":"2025-09-15 17:22:23"}
{"level":"info","message":"✅ Conectado ao Redis com sucesso.","service":"recall-api","timestamp":"2025-09-15 17:22:25"}
{"level":"info","message":"✅ Conectado ao Redis com sucesso.","service":"recall-api","timestamp":"2025-09-15 17:24:52"}
{"level":"info","message":"✅ Conectado ao Redis com sucesso.","service":"recall-api","timestamp":"2025-09-15 17:25:05"}
{"level":"error","message":"❌ Erro de conexão com o Redis: read ECONNRESET","service":"recall-api","timestamp":"2025-09-15 17:25:41"}
{"level":"info","message":"✅ Conectado ao Redis com sucesso.","service":"recall-api","timestamp":"2025-09-15 17:25:43"}
{"level":"error","message":"❌ Erro de conexão com o Redis: read ECONNRESET","service":"recall-api","timestamp":"2025-09-15 17:26:14"}
{"level":"info","message":"✅ Conectado ao Redis com sucesso.","service":"recall-api","timestamp":"2025-09-15 17:26:16"}
{"level":"error","message":"❌ Erro de conexão com o Redis: read ECONNRESET","service":"recall-api","timestamp":"2025-09-15 17:27:35"}
{"level":"info","message":"✅ Conectado ao Redis com sucesso.","service":"recall-api","timestamp":"2025-09-15 17:27:37"}
{"level":"error","message":"❌ Erro de conexão com o Redis: read ECONNRESET","service":"recall-api","timestamp":"2025-09-15 17:28:22"}
{"level":"info","message":"✅ Conectado ao Redis com sucesso.","service":"recall-api","timestamp":"2025-09-15 17:28:24"}
{"level":"error","message":"❌ Erro de conexão com o Redis: read ECONNRESET","service":"recall-api","timestamp":"2025-09-15 17:29:47"}
{"level":"info","message":"✅ Conectado ao Redis com sucesso.","service":"recall-api","timestamp":"2025-09-15 17:29:50"}
{"level":"error","message":"❌ Erro de conexão com o Redis: read ECONNRESET","service":"recall-api","timestamp":"2025-09-15 17:31:53"}
{"level":"info","message":"✅ Conectado ao Redis com sucesso.","service":"recall-api","timestamp":"2025-09-15 17:31:55"}
{"level":"error","message":"❌ Erro de conexão com o Redis: read ECONNRESET","service":"recall-api","timestamp":"2025-09-15 17:32:51"}
{"level":"info","message":"✅ Conectado ao Redis com sucesso.","service":"recall-api","timestamp":"2025-09-15 17:32:54"}
{"level":"error","message":"❌ Erro de conexão com o Redis: read ECONNRESET","service":"recall-api","timestamp":"2025-09-15 17:34:21"}
{"level":"info","message":"✅ Conectado ao Redis com sucesso.","service":"recall-api","timestamp":"2025-09-15 17:34:23"}
{"level":"error","message":"❌ Erro de conexão com o Redis: read ECONNRESET","service":"recall-api","timestamp":"2025-09-15 17:39:27"}
{"level":"info","message":"✅ Conectado ao Redis com sucesso.","service":"recall-api","timestamp":"2025-09-15 17:39:29"}
{"level":"error","message":"❌ Erro de conexão com o Redis: read ECONNRESET","service":"recall-api","timestamp":"2025-09-15 17:39:29"}
{"level":"info","message":"✅ Conectado ao Redis com sucesso.","service":"recall-api","timestamp":"2025-09-15 17:39:31"}
{"level":"info","message":"✅ Conectado ao Redis com sucesso.","service":"recall-api","timestamp":"2025-09-15 17:40:29"}
{"level":"info","message":"✅ Conectado ao Redis com sucesso.","service":"recall-api","timestamp":"2025-09-15 17:40:52"}
{"level":"info","message":"✅ Conectado ao Redis com sucesso.","service":"recall-api","timestamp":"2025-09-15 17:41:02"}
{"level":"error","message":"❌ Erro de conexão com o Redis: read ECONNRESET","service":"recall-api","timestamp":"2025-09-15 17:41:03"}
{"level":"info","message":"✅ Conectado ao Redis com sucesso.","service":"recall-api","timestamp":"2025-09-15 17:41:04"}
{"level":"info","message":"✅ Conectado ao Redis com sucesso.","service":"recall-api","timestamp":"2025-09-15 23:24:36"}
{"level":"error","message":"❌ Erro de conexão com o Redis: read ECONNRESET","service":"recall-api","timestamp":"2025-09-15 23:30:21"}
{"level":"info","message":"✅ Conectado ao Redis com sucesso.","service":"recall-api","timestamp":"2025-09-15 23:30:23"}
{"level":"warn","message":"Tentativa de login falhou para guilhermesecundario790@gmail.com: Invalid login credentials","service":"recall-api","timestamp":"2025-09-15 23:42:35"}
{"level":"warn","message":"Tentativa de login falhou para guilhermesecundario790@gmail.com: Email not confirmed","service":"recall-api","timestamp":"2025-09-15 23:42:40"}
{"level":"warn","message":"Tentativa de login falhou para guilhermesecundario790@gmail.com: Email not confirmed","service":"recall-api","timestamp":"2025-09-15 23:42:43"}
{"level":"info","message":"Usuário 9aca47a6-a93c-420e-b258-e034751afd30 registrado com sucesso.","service":"recall-api","timestamp":"2025-09-16 00:02:09"}
{"level":"error","message":"❌ Erro de conexão com o Redis: read ECONNRESET","service":"recall-api","timestamp":"2025-09-16 00:11:39"}
{"level":"info","message":"✅ Conectado ao Redis com sucesso.","service":"recall-api","timestamp":"2025-09-16 00:11:41"}
{"level":"info","message":"✅ Conectado ao Redis com sucesso.","service":"recall-api","timestamp":"2025-09-16 00:13:50"}
{"level":"warn","message":"Tentativa de login falhou para guilhermesecundario790@gmail.com: Invalid login credentials","service":"recall-api","timestamp":"2025-09-16 00:19:13"}
{"level":"info","message":"[CREATE DECK] Usuário 9aca47a6-a93c-420e-b258-e034751afd30 tentando criar deck","service":"recall-api","timestamp":"2025-09-16 00:20:09"}
{"level":"info","message":"[DECK CREATION] Atualizando conquistas para usuário 9aca47a6-a93c-420e-b258-e034751afd30","service":"recall-api","timestamp":"2025-09-16 00:20:10"}
{"level":"info","message":"[DECK CREATION] Usuário 9aca47a6-a93c-420e-b258-e034751afd30 agora tem 1 decks","service":"recall-api","timestamp":"2025-09-16 00:20:10"}
{"level":"info","message":"[DECK CREATION] Primeiro deck! Atualizando decks_created para 1","service":"recall-api","timestamp":"2025-09-16 00:20:10"}
{"level":"info","message":"[ACHIEVEMENTS] ⭐ Iniciando updateAchievementProgress - userId: 9aca47a6-a93c-420e-b258-e034751afd30, metric: decks_created, value: 1","service":"recall-api","timestamp":"2025-09-16 00:20:10"}
{"level":"warn","message":"[ACHIEVEMENTS] Nenhuma conquista encontrada para a métrica: decks_created","service":"recall-api","timestamp":"2025-09-16 00:20:10"}
{"level":"info","message":"[DECK CREATION] Atualizando decks_created_total para 1","service":"recall-api","timestamp":"2025-09-16 00:20:10"}
{"level":"info","message":"[ACHIEVEMENTS] ⭐ Iniciando updateAchievementProgress - userId: 9aca47a6-a93c-420e-b258-e034751afd30, metric: decks_created_total, value: 1","service":"recall-api","timestamp":"2025-09-16 00:20:10"}
{"level":"warn","message":"[ACHIEVEMENTS] Nenhuma conquista encontrada para a métrica: decks_created_total","service":"recall-api","timestamp":"2025-09-16 00:20:11"}
{"level":"info","message":"✅ Conectado ao Redis com sucesso.","service":"recall-api","timestamp":"2025-09-16 00:36:42"}
{"level":"info","message":"✅ Conectado ao Redis com sucesso.","service":"recall-api","timestamp":"2025-09-16 00:37:07"}
{"level":"info","message":"✅ Conectado ao Redis com sucesso.","service":"recall-api","timestamp":"2025-09-16 00:37:11"}
{"level":"info","message":"✅ Conectado ao Redis com sucesso.","service":"recall-api","timestamp":"2025-09-16 00:37:14"}
{"level":"info","message":"✅ Conectado ao Redis com sucesso.","service":"recall-api","timestamp":"2025-09-16 00:37:30"}
{"level":"warn","message":"Tentativa de login falhou para guilhermesecundario790@gmail.com: Invalid login credentials","service":"recall-api","timestamp":"2025-09-16 00:59:35"}
{"level":"warn","message":"Tentativa de login falhou para guilhermesecundario790@gmail.com: Invalid login credentials","service":"recall-api","timestamp":"2025-09-16 00:59:41"}
{"level":"warn","message":"Erro ao limpar tabela achievements para usuário 9aca47a6-a93c-420e-b258-e034751afd30: column achievements.user_id does not exist","service":"recall-api","timestamp":"2025-09-16 01:01:11"}
{"level":"warn","message":"Erro ao limpar tabela study_sessions para usuário 9aca47a6-a93c-420e-b258-e034751afd30: Could not find the table 'public.study_sessions' in the schema cache","service":"recall-api","timestamp":"2025-09-16 01:01:12"}
{"level":"warn","message":"Erro ao limpar tabela flashcard_progress para usuário 9aca47a6-a93c-420e-b258-e034751afd30: Could not find the table 'public.flashcard_progress' in the schema cache","service":"recall-api","timestamp":"2025-09-16 01:01:12"}
{"level":"warn","message":"Erro ao limpar tabela community_deck_ratings para usuário 9aca47a6-a93c-420e-b258-e034751afd30: Could not find the table 'public.community_deck_ratings' in the schema cache","service":"recall-api","timestamp":"2025-09-16 01:01:12"}
{"level":"warn","message":"Erro ao limpar tabela flashcards para usuário 9aca47a6-a93c-420e-b258-e034751afd30: column flashcards.user_id does not exist","service":"recall-api","timestamp":"2025-09-16 01:01:12"}
{"level":"warn","message":"Erro ao limpar tabela profiles para usuário 9aca47a6-a93c-420e-b258-e034751afd30: column profiles.user_id does not exist","service":"recall-api","timestamp":"2025-09-16 01:01:13"}
{"level":"info","message":"Conta excluída com sucesso para o usuário 9aca47a6-a93c-420e-b258-e034751afd30 (guilhermesecundario790@gmail.com)","service":"recall-api","timestamp":"2025-09-16 01:01:13"}
{"level":"info","message":"Usuário a4738f50-6eec-4762-be93-970064fe9571 registrado com sucesso.","service":"recall-api","timestamp":"2025-09-16 01:02:44"}
{"level":"info","message":"✅ Conectado ao Redis com sucesso.","service":"recall-api","timestamp":"2025-09-16 01:15:53"}
{"level":"info","message":"✅ Conectado ao Redis com sucesso.","service":"recall-api","timestamp":"2025-09-16 01:21:43"}
{"level":"warn","message":"Tentativa de login falhou para guilhermesecundario790@gmail.com: Invalid login credentials","service":"recall-api","timestamp":"2025-09-16 01:21:54"}
{"level":"warn","message":"Erro ao limpar tabela achievements para usuário a4738f50-6eec-4762-be93-970064fe9571: column achievements.user_id does not exist","service":"recall-api","timestamp":"2025-09-16 01:22:15"}
{"level":"warn","message":"Erro ao limpar tabela study_sessions para usuário a4738f50-6eec-4762-be93-970064fe9571: Could not find the table 'public.study_sessions' in the schema cache","service":"recall-api","timestamp":"2025-09-16 01:22:16"}
{"level":"warn","message":"Erro ao limpar tabela flashcard_progress para usuário a4738f50-6eec-4762-be93-970064fe9571: Could not find the table 'public.flashcard_progress' in the schema cache","service":"recall-api","timestamp":"2025-09-16 01:22:16"}
{"level":"warn","message":"Erro ao limpar tabela community_deck_ratings para usuário a4738f50-6eec-4762-be93-970064fe9571: Could not find the table 'public.community_deck_ratings' in the schema cache","service":"recall-api","timestamp":"2025-09-16 01:22:17"}
{"level":"warn","message":"Erro ao limpar tabela flashcards para usuário a4738f50-6eec-4762-be93-970064fe9571: column flashcards.user_id does not exist","service":"recall-api","timestamp":"2025-09-16 01:22:17"}
{"level":"warn","message":"Erro ao limpar tabela profiles para usuário a4738f50-6eec-4762-be93-970064fe9571: column profiles.user_id does not exist","service":"recall-api","timestamp":"2025-09-16 01:22:18"}
{"level":"info","message":"Conta excluída com sucesso para o usuário a4738f50-6eec-4762-be93-970064fe9571 (guilhermesecundario790@gmail.com)","service":"recall-api","timestamp":"2025-09-16 01:22:18"}
{"level":"error","message":"❌ Erro de conexão com o Redis: read ECONNRESET","service":"recall-api","timestamp":"2025-09-16 01:22:30"}
{"level":"info","message":"✅ Conectado ao Redis com sucesso.","service":"recall-api","timestamp":"2025-09-16 01:22:32"}
{"level":"info","message":"Usuário 32416dcd-9635-43a9-81db-5983e5801ac8 registrado com sucesso.","service":"recall-api","timestamp":"2025-09-16 01:22:47"}
